<?xml version="1.0" encoding="UTF-8"?>
<!-- Generated by org.testng.reporters.JUnitReportReporter -->
<testsuite hostname="DESKTOP-C28O1GT" failures="0" tests="1" name="com.java.Day9_String.Class_assig$ValidatingStringMethods" time="7.409" errors="0" timestamp="04 Oct 2023 05:42:49 GMT" skipped="0">
  <testcase classname="com.java.Day9_String.Class_assig$ValidatingStringMethods" name="checkingEqualsMethod" time="7.409"/>
</testsuite> <!-- com.java.Day9_String.Class_assig$ValidatingStringMethods -->
