<?xml version="1.0" encoding="UTF-8"?>
<!-- Generated by org.testng.reporters.JUnitReportReporter -->
<testsuite hostname="DESKTOP-C28O1GT" failures="0" tests="4" name="com.Day14_TestingNG_testing.xml.Register_Test" time="26.483" errors="0" timestamp="23 Oct 2023 04:54:32 GMT" skipped="0">
  <testcase classname="com.Day14_TestingNG_testing.xml.Register_Test" name="verifyingRegisterWithMandatoryFields" time="6.120"/>
  <testcase classname="com.Day14_TestingNG_testing.xml.Register_Test" name="verifyingRegisterWithAllFields" time="8.140"/>
  <testcase classname="com.Day14_TestingNG_testing.xml.Register_Test" name="verifyingRegisterWithExistingEmail" time="5.900"/>
  <testcase classname="com.Day14_TestingNG_testing.xml.Register_Test" name="verifyingRegisterWithNoFields" time="6.323"/>
</testsuite> <!-- com.Day14_TestingNG_testing.xml.Register_Test -->
