<?xml version="1.0" encoding="UTF-8"?>
<!-- Generated by org.testng.reporters.JUnitReportReporter -->
<testsuite hostname="DESKTOP-C28O1GT" failures="0" tests="1" name="com.Tutoring_Practice.ChooseAProduct" time="3.036" errors="0" timestamp="10 Nov 2023 16:38:30 GMT" skipped="0">
  <testcase classname="com.Tutoring_Practice.ChooseAProduct" name="startChoosingProduct" time="3.036"/>
</testsuite> <!-- com.Tutoring_Practice.ChooseAProduct -->
