<?xml version="1.0" encoding="UTF-8"?>
<!-- Generated by org.testng.reporters.JUnitReportReporter -->
<testsuite hostname="DESKTOP-C28O1GT" failures="0" tests="1" name="com.OOPS_Method_in_Java.Chrome_Options" time="4.721" errors="0" timestamp="08 Oct 2023 17:34:48 GMT" skipped="0">
  <testcase classname="com.OOPS_Method_in_Java.Chrome_Options" name="Setup" time="4.721"/>
</testsuite> <!-- com.OOPS_Method_in_Java.Chrome_Options -->
