<?xml version="1.0" encoding="UTF-8"?>
<!-- Generated by org.testng.reporters.JUnitReportReporter -->
<testsuite hostname="DESKTOP-C28O1GT" failures="0" tests="4" name="com.Revision_Day_12.TestNG_Revision" time="22.979" errors="0" timestamp="08 Oct 2023 17:08:03 GMT" skipped="0">
  <testcase classname="com.Revision_Day_12.TestNG_Revision" name="verifyLoginWithValidCredentils" time="6.699"/>
  <testcase classname="com.Revision_Day_12.TestNG_Revision" name="verifyLoginWithInvalidCredentils" time="5.473"/>
  <testcase classname="com.Revision_Day_12.TestNG_Revision" name="verifyLoginWithValidEmailAndInvalidPassword" time="5.525"/>
  <testcase classname="com.Revision_Day_12.TestNG_Revision" name="verifyWithoutCreditials" time="5.282"/>
</testsuite> <!-- com.Revision_Day_12.TestNG_Revision -->
