<?xml version="1.0" encoding="UTF-8"?>
<!-- Generated by org.testng.reporters.JUnitReportReporter -->
<testsuite hostname="DESKTOP-C28O1GT" failures="0" tests="1" name="com.java.Day9_String.Class_Assignement" time="7.094" errors="0" timestamp="09 Oct 2023 04:59:26 GMT" skipped="0">
  <testcase classname="com.java.Day9_String.Class_Assignement" name="verifyRegisterWithMandatoryFields" time="7.094"/>
</testsuite> <!-- com.java.Day9_String.Class_Assignement -->
