<?xml version="1.0" encoding="UTF-8"?>
<!-- Generated by org.testng.reporters.JUnitReportReporter -->
<testsuite hostname="DESKTOP-C28O1GT" failures="0" tests="3" name="com.Day13_TestNG_Repeat.Enabling_Disabling_Test_Cases" time="0.010" errors="0" timestamp="16 Oct 2023 21:08:21 GMT" skipped="1">
  <testcase classname="com.Day13_TestNG_Repeat.Enabling_Disabling_Test_Cases" name="logic1" time="0.009"/>
  <testcase classname="com.Day13_TestNG_Repeat.Enabling_Disabling_Test_Cases" name="logic3" time="0.001"/>
  <testcase classname="com.Day13_TestNG_Repeat.Enabling_Disabling_Test_Cases" name="logic2">
    <skipped/>
  </testcase> <!-- logic2 -->
</testsuite> <!-- com.Day13_TestNG_Repeat.Enabling_Disabling_Test_Cases -->
