<?xml version="1.0" encoding="UTF-8"?>
<!-- Generated by org.testng.reporters.JUnitReportReporter -->
<testsuite hostname="DESKTOP-C28O1GT" failures="0" tests="1" name="com.Tutoring_Practice.Swag_Labs" time="3.587" errors="0" timestamp="15 Nov 2023 19:29:18 GMT" skipped="0">
  <testcase classname="com.Tutoring_Practice.Swag_Labs" name="veriyLoginWithValidCredintial" time="3.587"/>
</testsuite> <!-- com.Tutoring_Practice.Swag_Labs -->
