<?xml version="1.0" encoding="UTF-8"?>
<!-- Generated by org.testng.reporters.JUnitReportReporter -->
<testsuite hostname="DESKTOP-C28O1GT" failures="0" tests="3" name="com.Turoting_Practice.Swag_Labs" time="8.187" errors="0" timestamp="10 Nov 2023 06:57:54 GMT" skipped="0">
  <testcase classname="com.Turoting_Practice.Swag_Labs" name="veriyLoginWithValidCredintial" time="2.391"/>
  <testcase classname="com.Turoting_Practice.Swag_Labs" name="verifyLoginWithInvalidCredintials" time="3.264"/>
  <testcase classname="com.Turoting_Practice.Swag_Labs" name="verifyLoginWithNoCredintial" time="2.532"/>
</testsuite> <!-- com.Turoting_Practice.Swag_Labs -->
