<?xml version="1.0" encoding="UTF-8"?>
<!-- Generated by org.testng.reporters.JUnitReportReporter -->
<testsuite hostname="DESKTOP-C28O1GT" failures="0" tests="1" name="com.day22_BraveBrowser.Brave_Options" time="1.827" errors="0" timestamp="12 Nov 2023 18:10:38 GMT" skipped="0">
  <testcase classname="com.day22_BraveBrowser.Brave_Options" name="launching_App" time="1.827"/>
</testsuite> <!-- com.day22_BraveBrowser.Brave_Options -->
