<?xml version="1.0" encoding="UTF-8"?>
<!-- Generated by org.testng.reporters.JUnitReportReporter -->
<testsuite hostname="DESKTOP-C28O1GT" failures="0" tests="1" name="com.day21_mouse_Keyboard_Actions.Mouse_Action" time="3.757" errors="0" timestamp="11 Nov 2023 17:16:55 GMT" skipped="0">
  <testcase classname="com.day21_mouse_Keyboard_Actions.Mouse_Action" name="draggable" time="3.757"/>
</testsuite> <!-- com.day21_mouse_Keyboard_Actions.Mouse_Action -->
