<?xml version="1.0" encoding="UTF-8"?>
<!-- Generated by org.testng.reporters.JUnitReportReporter -->
<testsuite hostname="DESKTOP-C28O1GT" failures="0" tests="5" name="com.Day14_TestingNG_testing.xml.Login_Test" time="26.651" errors="0" timestamp="23 Oct 2023 04:54:32 GMT" skipped="0">
  <testcase classname="com.Day14_TestingNG_testing.xml.Login_Test" name="verifyLoginWithValidCredentials" time="5.675"/>
  <testcase classname="com.Day14_TestingNG_testing.xml.Login_Test" name="verifyLoginWithInvalidCredentials" time="5.139"/>
  <testcase classname="com.Day14_TestingNG_testing.xml.Login_Test" name="verifyLoginWithValidEmailInvalidPassword" time="5.289"/>
  <testcase classname="com.Day14_TestingNG_testing.xml.Login_Test" name="verifyLoginWithInvalidEmailValidPassword" time="5.486"/>
  <testcase classname="com.Day14_TestingNG_testing.xml.Login_Test" name="verifyLoginWithNoCredentials" time="5.062"/>
</testsuite> <!-- com.Day14_TestingNG_testing.xml.Login_Test -->
