<?xml version="1.0" encoding="UTF-8"?>
<!-- Generated by org.testng.reporters.JUnitReportReporter -->
<testsuite hostname="DESKTOP-C28O1GT" failures="0" tests="1" name="com.frame_Work.FlipKart" time="10.811" errors="0" timestamp="06 Nov 2023 22:19:16 GMT" skipped="0">
  <testcase classname="com.frame_Work.FlipKart" name="flipKart" time="10.811"/>
</testsuite> <!-- com.frame_Work.FlipKart -->
