<?xml version="1.0" encoding="UTF-8"?>
<!-- Generated by org.testng.reporters.JUnitReportReporter -->
<testsuite hostname="DESKTOP-C28O1GT" failures="0" tests="7" name="com.Data_Driven.Data_Provider_Diff_Class" time="40.837" errors="0" timestamp="15 Oct 2023 16:12:43 GMT" skipped="0">
  <testcase classname="com.Data_Driven.Data_Provider_Diff_Class" name="TutorilasNijna_LogIn" time="6.475"/>
  <testcase classname="com.Data_Driven.Data_Provider_Diff_Class" name="TutorilasNijna_LogIn" time="5.547"/>
  <testcase classname="com.Data_Driven.Data_Provider_Diff_Class" name="TutorilasNijna_LogIn" time="5.669"/>
  <testcase classname="com.Data_Driven.Data_Provider_Diff_Class" name="TutorilasNijna_LogIn" time="5.834"/>
  <testcase classname="com.Data_Driven.Data_Provider_Diff_Class" name="TutorilasNijna_LogIn" time="5.770"/>
  <testcase classname="com.Data_Driven.Data_Provider_Diff_Class" name="TutorilasNijna_LogIn" time="5.870"/>
  <testcase classname="com.Data_Driven.Data_Provider_Diff_Class" name="TutorilasNijna_LogIn" time="5.672"/>
</testsuite> <!-- com.Data_Driven.Data_Provider_Diff_Class -->
