<?xml version="1.0" encoding="UTF-8"?>
<!-- Generated by org.testng.reporters.JUnitReportReporter -->
<testsuite hostname="DESKTOP-C28O1GT" failures="0" tests="1" name="com.frame_Work.Clicking_Simutanousely_Multiple_links" time="8.615" errors="0" timestamp="06 Nov 2023 22:11:55 GMT" skipped="0">
  <testcase classname="com.frame_Work.Clicking_Simutanousely_Multiple_links" name="rediff" time="8.615"/>
</testsuite> <!-- com.frame_Work.Clicking_Simutanousely_Multiple_links -->
