<?xml version="1.0" encoding="UTF-8"?>
<!-- Generated by org.testng.reporters.JUnitReportReporter -->
<testsuite hostname="DESKTOP-C28O1GT" failures="0" tests="1" name="com.complete.project.Swag_Labs" time="4.124" errors="0" timestamp="21 Nov 2023 07:27:37 GMT" skipped="0">
  <testcase classname="com.complete.project.Swag_Labs" name="veriyLoginWithValidUserNameValidPassword" time="4.124"/>
</testsuite> <!-- com.complete.project.Swag_Labs -->
