<?xml version="1.0" encoding="UTF-8"?>
<!-- Generated by org.testng.reporters.JUnitReportReporter -->
<testsuite hostname="DESKTOP-C28O1GT" failures="0" tests="3" name="com.Day14_TestingNG_testing.xml.Search_Product" time="14.136" errors="0" timestamp="23 Oct 2023 04:54:32 GMT" skipped="0">
  <testcase classname="com.Day14_TestingNG_testing.xml.Search_Product" name="verifySearchWithValidProduct" time="4.755"/>
  <testcase classname="com.Day14_TestingNG_testing.xml.Search_Product" name="verifySearchWithInvalidProduct" time="4.691"/>
  <testcase classname="com.Day14_TestingNG_testing.xml.Search_Product" name="verifySearchWithNoProduct" time="4.690"/>
</testsuite> <!-- com.Day14_TestingNG_testing.xml.Search_Product -->
