<?xml version="1.0" encoding="UTF-8"?>
<!-- Generated by org.testng.reporters.JUnitReportReporter -->
<testsuite hostname="DESKTOP-C28O1GT" failures="0" tests="1" name="com.Webelement.Costco_WebElement" time="8.222" errors="0" timestamp="08 Nov 2023 07:31:39 GMT" skipped="0">
  <testcase classname="com.Webelement.Costco_WebElement" name="webElement" time="8.222"/>
</testsuite> <!-- com.Webelement.Costco_WebElement -->
