<?xml version="1.0" encoding="UTF-8"?>
<!-- Generated by org.testng.reporters.JUnitReportReporter -->
<testsuite hostname="DESKTOP-C28O1GT" failures="0" tests="1" name="com.frame_Work.Handling_Multile_WebElements" time="13.150" errors="0" timestamp="06 Nov 2023 22:07:21 GMT" skipped="0">
  <testcase classname="com.frame_Work.Handling_Multile_WebElements" name="webElement" time="13.150"/>
</testsuite> <!-- com.frame_Work.Handling_Multile_WebElements -->
